This file contains any messages produced by compilers while
running configure, to aid debugging if configure makes a mistake.

It was created by configure, which was
generated by GNU Autoconf 2.69.  Invocation command line was

  $ ./configure --host=arm-linux-gnueabihf --build=arm-linux-gnueabihf --prefix=/usr --bindir=/usr/games --datadir=/usr/share/games --mandir=/usr/share/man --infodir=/usr/share/info --enable-network

## --------- ##
## Platform. ##
## --------- ##

hostname = rk3066-dev
uname -m = armv7l
uname -r = 3.0.8+
uname -s = Linux
uname -v = #26 SMP PREEMPT Mon Mar 18 11:30:34 MSK 2013

/usr/bin/uname -p = unknown
/bin/uname -X     = unknown

/bin/arch              = unknown
/usr/bin/arch -k       = unknown
/usr/convex/getsysinfo = unknown
/usr/bin/hostinfo      = unknown
/bin/machine           = unknown
/usr/bin/oslevel       = unknown
/bin/universe          = unknown

PATH: /usr/local/sbin
PATH: /usr/local/bin
PATH: /usr/sbin
PATH: /usr/bin
PATH: /sbin
PATH: /bin


## ----------- ##
## Core tests. ##
## ----------- ##

configure:2262: checking build system type
configure:2276: result: arm-unknown-linux-gnueabihf
configure:2296: checking host system type
configure:2309: result: arm-unknown-linux-gnueabihf
configure:2329: checking target system type
configure:2342: result: arm-unknown-linux-gnueabihf
configure:2384: checking for a BSD-compatible install
configure:2452: result: /usr/bin/install -c
configure:2463: checking whether build environment is sane
configure:2513: result: yes
configure:2654: checking for a thread-safe mkdir -p
configure:2693: result: /bin/mkdir -p
configure:2706: checking for gawk
configure:2736: result: no
configure:2706: checking for mawk
configure:2722: found /usr/bin/mawk
configure:2733: result: mawk
configure:2744: checking whether make sets $(MAKE)
configure:2766: result: yes
configure:2858: checking for arm-linux-gnueabihf-gcc
configure:2874: found /usr/bin/arm-linux-gnueabihf-gcc
configure:2885: result: arm-linux-gnueabihf-gcc
configure:3154: checking for C compiler version
configure:3163: arm-linux-gnueabihf-gcc --version >&5
arm-linux-gnueabihf-gcc (Debian 4.6.3-14) 4.6.3
Copyright (C) 2011 Free Software Foundation, Inc.
This is free software; see the source for copying conditions.  There is NO
warranty; not even for MERCHANTABILITY or FITNESS FOR A PARTICULAR PURPOSE.

configure:3174: $? = 0
configure:3163: arm-linux-gnueabihf-gcc -v >&5
Using built-in specs.
COLLECT_GCC=arm-linux-gnueabihf-gcc
COLLECT_LTO_WRAPPER=/usr/lib/gcc/arm-linux-gnueabihf/4.6/lto-wrapper
Target: arm-linux-gnueabihf
Configured with: ../src/configure -v --with-pkgversion='Debian 4.6.3-14' --with-bugurl=file:///usr/share/doc/gcc-4.6/README.Bugs --enable-languages=c,c++,fortran,objc,obj-c++ --prefix=/usr --program-suffix=-4.6 --enable-shared --enable-linker-build-id --with-system-zlib --libexecdir=/usr/lib --without-included-gettext --enable-threads=posix --with-gxx-include-dir=/usr/include/c++/4.6 --libdir=/usr/lib --enable-nls --with-sysroot=/ --enable-clocale=gnu --enable-libstdcxx-debug --enable-libstdcxx-time=yes --enable-gnu-unique-object --enable-plugin --enable-objc-gc --disable-sjlj-exceptions --with-arch=armv7-a --with-fpu=vfpv3-d16 --with-float=hard --with-mode=thumb --enable-checking=release --build=arm-linux-gnueabihf --host=arm-linux-gnueabihf --target=arm-linux-gnueabihf
Thread model: posix
gcc version 4.6.3 (Debian 4.6.3-14) 
configure:3174: $? = 0
configure:3163: arm-linux-gnueabihf-gcc -V >&5
arm-linux-gnueabihf-gcc: error: unrecognized option '-V'
arm-linux-gnueabihf-gcc: fatal error: no input files
compilation terminated.
configure:3174: $? = 4
configure:3163: arm-linux-gnueabihf-gcc -qversion >&5
arm-linux-gnueabihf-gcc: error: unrecognized option '-qversion'
arm-linux-gnueabihf-gcc: fatal error: no input files
compilation terminated.
configure:3174: $? = 4
configure:3194: checking whether the C compiler works
configure:3216: arm-linux-gnueabihf-gcc    conftest.c  >&5
configure:3220: $? = 0
configure:3268: result: yes
configure:3271: checking for C compiler default output file name
configure:3273: result: a.out
configure:3279: checking for suffix of executables
configure:3286: arm-linux-gnueabihf-gcc -o conftest    conftest.c  >&5
configure:3290: $? = 0
configure:3312: result: 
configure:3334: checking whether we are cross compiling
configure:3342: arm-linux-gnueabihf-gcc -o conftest    conftest.c  >&5
configure:3346: $? = 0
configure:3353: ./conftest
configure:3357: $? = 0
configure:3372: result: no
configure:3377: checking for suffix of object files
configure:3399: arm-linux-gnueabihf-gcc -c   conftest.c >&5
configure:3403: $? = 0
configure:3424: result: o
configure:3428: checking whether we are using the GNU C compiler
configure:3447: arm-linux-gnueabihf-gcc -c   conftest.c >&5
configure:3447: $? = 0
configure:3456: result: yes
configure:3465: checking whether arm-linux-gnueabihf-gcc accepts -g
configure:3485: arm-linux-gnueabihf-gcc -c -g  conftest.c >&5
configure:3485: $? = 0
configure:3526: result: yes
configure:3543: checking for arm-linux-gnueabihf-gcc option to accept ISO C89
configure:3606: arm-linux-gnueabihf-gcc  -c -g -O2  conftest.c >&5
configure:3606: $? = 0
configure:3619: result: none needed
configure:3650: checking for style of include used by make
configure:3678: result: GNU
configure:3704: checking dependency style of arm-linux-gnueabihf-gcc
configure:3815: result: gcc3
configure:3844: checking for arm-linux-gnueabihf-g++
configure:3860: found /usr/bin/arm-linux-gnueabihf-g++
configure:3871: result: arm-linux-gnueabihf-g++
configure:3942: checking for C++ compiler version
configure:3951: arm-linux-gnueabihf-g++ --version >&5
arm-linux-gnueabihf-g++ (Debian 4.6.3-14) 4.6.3
Copyright (C) 2011 Free Software Foundation, Inc.
This is free software; see the source for copying conditions.  There is NO
warranty; not even for MERCHANTABILITY or FITNESS FOR A PARTICULAR PURPOSE.

configure:3962: $? = 0
configure:3951: arm-linux-gnueabihf-g++ -v >&5
Using built-in specs.
COLLECT_GCC=arm-linux-gnueabihf-g++
COLLECT_LTO_WRAPPER=/usr/lib/gcc/arm-linux-gnueabihf/4.6/lto-wrapper
Target: arm-linux-gnueabihf
Configured with: ../src/configure -v --with-pkgversion='Debian 4.6.3-14' --with-bugurl=file:///usr/share/doc/gcc-4.6/README.Bugs --enable-languages=c,c++,fortran,objc,obj-c++ --prefix=/usr --program-suffix=-4.6 --enable-shared --enable-linker-build-id --with-system-zlib --libexecdir=/usr/lib --without-included-gettext --enable-threads=posix --with-gxx-include-dir=/usr/include/c++/4.6 --libdir=/usr/lib --enable-nls --with-sysroot=/ --enable-clocale=gnu --enable-libstdcxx-debug --enable-libstdcxx-time=yes --enable-gnu-unique-object --enable-plugin --enable-objc-gc --disable-sjlj-exceptions --with-arch=armv7-a --with-fpu=vfpv3-d16 --with-float=hard --with-mode=thumb --enable-checking=release --build=arm-linux-gnueabihf --host=arm-linux-gnueabihf --target=arm-linux-gnueabihf
Thread model: posix
gcc version 4.6.3 (Debian 4.6.3-14) 
configure:3962: $? = 0
configure:3951: arm-linux-gnueabihf-g++ -V >&5
arm-linux-gnueabihf-g++: error: unrecognized option '-V'
arm-linux-gnueabihf-g++: fatal error: no input files
compilation terminated.
configure:3962: $? = 4
configure:3951: arm-linux-gnueabihf-g++ -qversion >&5
arm-linux-gnueabihf-g++: error: unrecognized option '-qversion'
arm-linux-gnueabihf-g++: fatal error: no input files
compilation terminated.
configure:3962: $? = 4
configure:3966: checking whether we are using the GNU C++ compiler
configure:3985: arm-linux-gnueabihf-g++ -c   conftest.cpp >&5
configure:3985: $? = 0
configure:3994: result: yes
configure:4003: checking whether arm-linux-gnueabihf-g++ accepts -g
configure:4023: arm-linux-gnueabihf-g++ -c -g  conftest.cpp >&5
configure:4023: $? = 0
configure:4064: result: yes
configure:4089: checking dependency style of arm-linux-gnueabihf-g++
configure:4200: result: gcc3
configure:4220: checking how to run the C preprocessor
configure:4251: arm-linux-gnueabihf-gcc -E  conftest.c
configure:4251: $? = 0
configure:4265: arm-linux-gnueabihf-gcc -E  conftest.c
conftest.c:11:28: fatal error: ac_nonexistent.h: No such file or directory
compilation terminated.
configure:4265: $? = 1
configure: failed program was:
| /* confdefs.h */
| #define PACKAGE_NAME ""
| #define PACKAGE_TARNAME ""
| #define PACKAGE_VERSION ""
| #define PACKAGE_STRING ""
| #define PACKAGE_BUGREPORT ""
| #define PACKAGE_URL ""
| #define PACKAGE "gltron"
| #define VERSION "0.70"
| /* end confdefs.h.  */
| #include <ac_nonexistent.h>
configure:4290: result: arm-linux-gnueabihf-gcc -E
configure:4310: arm-linux-gnueabihf-gcc -E  conftest.c
configure:4310: $? = 0
configure:4324: arm-linux-gnueabihf-gcc -E  conftest.c
conftest.c:11:28: fatal error: ac_nonexistent.h: No such file or directory
compilation terminated.
configure:4324: $? = 1
configure: failed program was:
| /* confdefs.h */
| #define PACKAGE_NAME ""
| #define PACKAGE_TARNAME ""
| #define PACKAGE_VERSION ""
| #define PACKAGE_STRING ""
| #define PACKAGE_BUGREPORT ""
| #define PACKAGE_URL ""
| #define PACKAGE "gltron"
| #define VERSION "0.70"
| /* end confdefs.h.  */
| #include <ac_nonexistent.h>
configure:4355: checking for arm-linux-gnueabihf-ranlib
configure:4385: result: no
configure:4395: checking for ranlib
configure:4411: found /usr/bin/ranlib
configure:4422: result: ranlib
configure:4542: checking for sdl-config
configure:4560: found /usr/bin/sdl-config
configure:4573: result: /usr/bin/sdl-config
configure:4583: checking for SDL - version >= 1.1.0
configure:4670: arm-linux-gnueabihf-gcc -o conftest -g -O2 -DSEPARATOR="'/'" -Wall -Os -I/usr/include/SDL -D_GNU_SOURCE=1 -D_REENTRANT   conftest.c  -L/usr/lib/arm-linux-gnueabihf -lSDL >&5
configure:4670: $? = 0
configure:4670: ./conftest
configure:4670: $? = 0
configure:4685: result: yes
configure:4754: checking for glOrthof in -lGLES_CM
configure:4779: arm-linux-gnueabihf-gcc -o conftest -g -O2 -DSEPARATOR="'/'" -Wall -Os -I/usr/include/SDL -D_GNU_SOURCE=1 -D_REENTRANT   conftest.c -lGLES_CM   -L/usr/lib/arm-linux-gnueabihf -lSDL >&5
configure:4779: $? = 0
configure:4788: result: yes
configure:4801: checking for gzopen in -lz
configure:4826: arm-linux-gnueabihf-gcc -o conftest -g -O2 -DSEPARATOR="'/'" -Wall -Os -I/usr/include/SDL -D_GNU_SOURCE=1 -D_REENTRANT   conftest.c -lz  -lGLES_CM  -L/usr/lib/arm-linux-gnueabihf -lSDL >&5
configure:4826: $? = 0
configure:4835: result: yes
configure:4848: checking for png_read_info in -lpng
configure:4873: arm-linux-gnueabihf-gcc -o conftest -g -O2 -DSEPARATOR="'/'" -Wall -Os -I/usr/include/SDL -D_GNU_SOURCE=1 -D_REENTRANT   conftest.c -lpng  -lz -lGLES_CM  -L/usr/lib/arm-linux-gnueabihf -lSDL >&5
configure:4873: $? = 0
configure:4882: result: yes
configure:4895: checking for XOpenDisplay in -lX11
configure:4920: arm-linux-gnueabihf-gcc -o conftest -g -O2 -DSEPARATOR="'/'" -Wall -Os -I/usr/include/SDL -D_GNU_SOURCE=1 -D_REENTRANT   conftest.c -lX11  -lpng -lz -lGLES_CM  -L/usr/lib/arm-linux-gnueabihf -lSDL >&5
configure:4920: $? = 0
configure:4929: result: yes
configure:4942: checking for eglBindAPI in -lEGL
configure:4967: arm-linux-gnueabihf-gcc -o conftest -g -O2 -DSEPARATOR="'/'" -Wall -Os -I/usr/include/SDL -D_GNU_SOURCE=1 -D_REENTRANT   conftest.c -lEGL  -lX11 -lpng -lz -lGLES_CM  -L/usr/lib/arm-linux-gnueabihf -lSDL >&5
configure:4967: $? = 0
configure:4976: result: yes
configure:5027: checking for main in -lsmpeg
configure:5046: arm-linux-gnueabihf-gcc -o conftest -g -O2 -DSEPARATOR="'/'" -Wall -Os -I/usr/include/SDL -D_GNU_SOURCE=1 -D_REENTRANT   conftest.c -lsmpeg  -lEGL -lX11 -lpng -lz -lGLES_CM  -L/usr/lib/arm-linux-gnueabihf -lSDL >&5
configure:5046: $? = 0
configure:5055: result: yes
configure:5069: checking for main in -logg
configure:5088: arm-linux-gnueabihf-gcc -o conftest -g -O2 -DSEPARATOR="'/'" -Wall -Os -I/usr/include/SDL -D_GNU_SOURCE=1 -D_REENTRANT   conftest.c -logg  -lsmpeg -lEGL -lX11 -lpng -lz -lGLES_CM  -L/usr/lib/arm-linux-gnueabihf -lSDL >&5
configure:5088: $? = 0
configure:5097: result: yes
configure:5111: checking for main in -lvorbis
configure:5130: arm-linux-gnueabihf-gcc -o conftest -g -O2 -DSEPARATOR="'/'" -Wall -Os -I/usr/include/SDL -D_GNU_SOURCE=1 -D_REENTRANT   conftest.c -lvorbis  -logg -lsmpeg -lEGL -lX11 -lpng -lz -lGLES_CM  -L/usr/lib/arm-linux-gnueabihf -lSDL >&5
configure:5130: $? = 0
configure:5139: result: yes
configure:5153: checking for main in -lvorbisfile
configure:5172: arm-linux-gnueabihf-gcc -o conftest -g -O2 -DSEPARATOR="'/'" -Wall -Os -I/usr/include/SDL -D_GNU_SOURCE=1 -D_REENTRANT   conftest.c -lvorbisfile  -lvorbis -logg -lsmpeg -lEGL -lX11 -lpng -lz -lGLES_CM  -L/usr/lib/arm-linux-gnueabihf -lSDL >&5
configure:5172: $? = 0
configure:5181: result: yes
configure:5195: checking for main in -lsmpeg
configure:5223: result: yes
configure:5237: checking for main in -lmikmod
configure:5256: arm-linux-gnueabihf-gcc -o conftest -g -O2 -DSEPARATOR="'/'" -Wall -Os -I/usr/include/SDL -D_GNU_SOURCE=1 -D_REENTRANT   conftest.c -lmikmod  -lsmpeg -lvorbisfile -lvorbis -logg -lsmpeg -lEGL -lX11 -lpng -lz -lGLES_CM  -L/usr/lib/arm-linux-gnueabihf -lSDL >&5
configure:5256: $? = 0
configure:5265: result: yes
configure:5279: checking for Sound_Init in -lSDL_sound
configure:5304: arm-linux-gnueabihf-gcc -o conftest -g -O2 -DSEPARATOR="'/'" -Wall -Os -I/usr/include/SDL -D_GNU_SOURCE=1 -D_REENTRANT   conftest.c -lSDL_sound  -lmikmod -lsmpeg -lvorbisfile -lvorbis -logg -lsmpeg -lEGL -lX11 -lpng -lz -lGLES_CM  -L/usr/lib/arm-linux-gnueabihf -lSDL >&5
configure:5304: $? = 0
configure:5313: result: yes
configure:5339: checking for SDLNet_Init in -lSDL_net
configure:5364: arm-linux-gnueabihf-gcc -o conftest -g -O2 -DSEPARATOR="'/'" -Wall -Os -I/usr/include/SDL -D_GNU_SOURCE=1 -D_REENTRANT   conftest.c -lSDL_net  -lSDL_sound -lmikmod -lsmpeg -lvorbisfile -lvorbis -logg -lsmpeg -lEGL -lX11 -lpng -lz -lGLES_CM  -L/usr/lib/arm-linux-gnueabihf -lSDL >&5
configure:5364: $? = 0
configure:5373: result: yes
configure:5389: checking for grep that handles long lines and -e
configure:5447: result: /bin/grep
configure:5452: checking for egrep
configure:5514: result: /bin/grep -E
configure:5519: checking for ANSI C header files
configure:5539: arm-linux-gnueabihf-gcc -c -g -O2 -DSEPARATOR="'/'" -Wall -Os -I/usr/include/SDL -D_GNU_SOURCE=1 -D_REENTRANT -DNETWORK  conftest.c >&5
configure:5539: $? = 0
configure:5612: arm-linux-gnueabihf-gcc -o conftest -g -O2 -DSEPARATOR="'/'" -Wall -Os -I/usr/include/SDL -D_GNU_SOURCE=1 -D_REENTRANT -DNETWORK   conftest.c -lSDL_sound -lmikmod -lsmpeg -lvorbisfile -lvorbis -logg -lsmpeg -lEGL -lX11 -lpng -lz -lGLES_CM  -L/usr/lib/arm-linux-gnueabihf -lSDL -lSDL_net >&5
configure:5612: $? = 0
configure:5612: ./conftest
configure:5612: $? = 0
configure:5623: result: yes
configure:5636: checking for sys/types.h
configure:5636: arm-linux-gnueabihf-gcc -c -g -O2 -DSEPARATOR="'/'" -Wall -Os -I/usr/include/SDL -D_GNU_SOURCE=1 -D_REENTRANT -DNETWORK  conftest.c >&5
configure:5636: $? = 0
configure:5636: result: yes
configure:5636: checking for sys/stat.h
configure:5636: arm-linux-gnueabihf-gcc -c -g -O2 -DSEPARATOR="'/'" -Wall -Os -I/usr/include/SDL -D_GNU_SOURCE=1 -D_REENTRANT -DNETWORK  conftest.c >&5
configure:5636: $? = 0
configure:5636: result: yes
configure:5636: checking for stdlib.h
configure:5636: arm-linux-gnueabihf-gcc -c -g -O2 -DSEPARATOR="'/'" -Wall -Os -I/usr/include/SDL -D_GNU_SOURCE=1 -D_REENTRANT -DNETWORK  conftest.c >&5
configure:5636: $? = 0
configure:5636: result: yes
configure:5636: checking for string.h
configure:5636: arm-linux-gnueabihf-gcc -c -g -O2 -DSEPARATOR="'/'" -Wall -Os -I/usr/include/SDL -D_GNU_SOURCE=1 -D_REENTRANT -DNETWORK  conftest.c >&5
configure:5636: $? = 0
configure:5636: result: yes
configure:5636: checking for memory.h
configure:5636: arm-linux-gnueabihf-gcc -c -g -O2 -DSEPARATOR="'/'" -Wall -Os -I/usr/include/SDL -D_GNU_SOURCE=1 -D_REENTRANT -DNETWORK  conftest.c >&5
configure:5636: $? = 0
configure:5636: result: yes
configure:5636: checking for strings.h
configure:5636: arm-linux-gnueabihf-gcc -c -g -O2 -DSEPARATOR="'/'" -Wall -Os -I/usr/include/SDL -D_GNU_SOURCE=1 -D_REENTRANT -DNETWORK  conftest.c >&5
configure:5636: $? = 0
configure:5636: result: yes
configure:5636: checking for inttypes.h
configure:5636: arm-linux-gnueabihf-gcc -c -g -O2 -DSEPARATOR="'/'" -Wall -Os -I/usr/include/SDL -D_GNU_SOURCE=1 -D_REENTRANT -DNETWORK  conftest.c >&5
configure:5636: $? = 0
configure:5636: result: yes
configure:5636: checking for stdint.h
configure:5636: arm-linux-gnueabihf-gcc -c -g -O2 -DSEPARATOR="'/'" -Wall -Os -I/usr/include/SDL -D_GNU_SOURCE=1 -D_REENTRANT -DNETWORK  conftest.c >&5
configure:5636: $? = 0
configure:5636: result: yes
configure:5636: checking for unistd.h
configure:5636: arm-linux-gnueabihf-gcc -c -g -O2 -DSEPARATOR="'/'" -Wall -Os -I/usr/include/SDL -D_GNU_SOURCE=1 -D_REENTRANT -DNETWORK  conftest.c >&5
configure:5636: $? = 0
configure:5636: result: yes
configure:5650: checking for unistd.h
configure:5650: result: yes
configure:5661: checking for an ANSI C-conforming const
configure:5727: arm-linux-gnueabihf-gcc -c -g -O2 -DSEPARATOR="'/'" -Wall -Os -I/usr/include/SDL -D_GNU_SOURCE=1 -D_REENTRANT -DNETWORK  conftest.c >&5
configure:5727: $? = 0
configure:5734: result: yes
configure:5746: checking for strstr
configure:5746: arm-linux-gnueabihf-gcc -o conftest -g -O2 -DSEPARATOR="'/'" -Wall -Os -I/usr/include/SDL -D_GNU_SOURCE=1 -D_REENTRANT -DNETWORK   conftest.c -lSDL_sound -lmikmod -lsmpeg -lvorbisfile -lvorbis -logg -lsmpeg -lEGL -lX11 -lpng -lz -lGLES_CM  -L/usr/lib/arm-linux-gnueabihf -lSDL -lSDL_net >&5
conftest.c:56:6: warning: conflicting types for built-in function 'strstr' [enabled by default]
configure:5746: $? = 0
configure:5746: result: yes
configure:5746: checking for mkstemp
configure:5746: arm-linux-gnueabihf-gcc -o conftest -g -O2 -DSEPARATOR="'/'" -Wall -Os -I/usr/include/SDL -D_GNU_SOURCE=1 -D_REENTRANT -DNETWORK   conftest.c -lSDL_sound -lmikmod -lsmpeg -lvorbisfile -lvorbis -logg -lsmpeg -lEGL -lX11 -lpng -lz -lGLES_CM  -L/usr/lib/arm-linux-gnueabihf -lSDL -lSDL_net >&5
configure:5746: $? = 0
configure:5746: result: yes
configure:5930: creating ./config.status

## ---------------------- ##
## Running config.status. ##
## ---------------------- ##

This file was extended by config.status, which was
generated by GNU Autoconf 2.69.  Invocation command line was

  CONFIG_FILES    = 
  CONFIG_HEADERS  = 
  CONFIG_LINKS    = 
  CONFIG_COMMANDS = 
  $ ./config.status 

on rk3066-dev

config.status:839: creating Makefile
config.status:839: creating lua/Makefile
config.status:839: creating lua/include/Makefile
config.status:839: creating lua/src/Makefile
config.status:839: creating lua/src/lib/Makefile
config.status:839: creating nebu/Makefile
config.status:839: creating nebu/include/Makefile
config.status:839: creating nebu/include/audio/Makefile
config.status:839: creating nebu/include/base/Makefile
config.status:839: creating nebu/include/filesystem/Makefile
config.status:839: creating nebu/include/input/Makefile
config.status:839: creating nebu/include/scripting/Makefile
config.status:839: creating nebu/include/video/Makefile
config.status:839: creating nebu/base/Makefile
config.status:839: creating nebu/filesystem/Makefile
config.status:839: creating nebu/scripting/Makefile
config.status:839: creating nebu/input/Makefile
config.status:839: creating nebu/video/Makefile
config.status:839: creating nebu/audio/Makefile
config.status:839: creating src/Makefile
config.status:839: creating src/include/Makefile
config.status:839: creating src/include/audio/Makefile
config.status:839: creating src/include/base/Makefile
config.status:839: creating src/include/configuration/Makefile
config.status:839: creating src/include/filesystem/Makefile
config.status:839: creating src/include/game/Makefile
config.status:839: creating src/include/input/Makefile
config.status:839: creating src/include/scripting/Makefile
config.status:839: creating src/include/video/Makefile
config.status:839: creating src/base/Makefile
config.status:839: creating src/filesystem/Makefile
config.status:839: creating src/configuration/Makefile
config.status:839: creating src/audio/Makefile
config.status:839: creating src/video/Makefile
config.status:839: creating src/input/Makefile
config.status:839: creating src/game/Makefile
config.status:839: creating art/Makefile
config.status:839: creating art/default/Makefile
config.status:839: creating data/Makefile
config.status:839: creating music/Makefile
config.status:839: creating scripts/Makefile
config.status:839: creating eglport/Makefile
config.status:1011: executing depfiles commands

## ---------------- ##
## Cache variables. ##
## ---------------- ##

ac_cv_build=arm-unknown-linux-gnueabihf
ac_cv_c_compiler_gnu=yes
ac_cv_c_const=yes
ac_cv_cxx_compiler_gnu=yes
ac_cv_env_CCC_set=
ac_cv_env_CCC_value=
ac_cv_env_CC_set=
ac_cv_env_CC_value=
ac_cv_env_CFLAGS_set=
ac_cv_env_CFLAGS_value=
ac_cv_env_CPPFLAGS_set=
ac_cv_env_CPPFLAGS_value=
ac_cv_env_CPP_set=
ac_cv_env_CPP_value=
ac_cv_env_CXXFLAGS_set=
ac_cv_env_CXXFLAGS_value=
ac_cv_env_CXX_set=
ac_cv_env_CXX_value=
ac_cv_env_LDFLAGS_set=
ac_cv_env_LDFLAGS_value=
ac_cv_env_LIBS_set=
ac_cv_env_LIBS_value=
ac_cv_env_build_alias_set=set
ac_cv_env_build_alias_value=arm-linux-gnueabihf
ac_cv_env_host_alias_set=set
ac_cv_env_host_alias_value=arm-linux-gnueabihf
ac_cv_env_target_alias_set=
ac_cv_env_target_alias_value=
ac_cv_func_mkstemp=yes
ac_cv_func_strstr=yes
ac_cv_header_inttypes_h=yes
ac_cv_header_memory_h=yes
ac_cv_header_stdc=yes
ac_cv_header_stdint_h=yes
ac_cv_header_stdlib_h=yes
ac_cv_header_string_h=yes
ac_cv_header_strings_h=yes
ac_cv_header_sys_stat_h=yes
ac_cv_header_sys_types_h=yes
ac_cv_header_unistd_h=yes
ac_cv_host=arm-unknown-linux-gnueabihf
ac_cv_lib_EGL_eglBindAPI=yes
ac_cv_lib_GLES_CM_glOrthof=yes
ac_cv_lib_SDL_net_SDLNet_Init=yes
ac_cv_lib_SDL_sound_Sound_Init=yes
ac_cv_lib_X11_XOpenDisplay=yes
ac_cv_lib_mikmod_main=yes
ac_cv_lib_ogg_main=yes
ac_cv_lib_png_png_read_info=yes
ac_cv_lib_smpeg_main=yes
ac_cv_lib_vorbis_main=yes
ac_cv_lib_vorbisfile_main=yes
ac_cv_lib_z_gzopen=yes
ac_cv_objext=o
ac_cv_path_EGREP='/bin/grep -E'
ac_cv_path_GREP=/bin/grep
ac_cv_path_SDL_CONFIG=/usr/bin/sdl-config
ac_cv_path_install='/usr/bin/install -c'
ac_cv_path_mkdir=/bin/mkdir
ac_cv_prog_AWK=mawk
ac_cv_prog_CC=arm-linux-gnueabihf-gcc
ac_cv_prog_CPP='arm-linux-gnueabihf-gcc -E'
ac_cv_prog_CXX=arm-linux-gnueabihf-g++
ac_cv_prog_ac_ct_RANLIB=ranlib
ac_cv_prog_cc_c89=
ac_cv_prog_cc_g=yes
ac_cv_prog_cxx_g=yes
ac_cv_prog_make_make_set=yes
ac_cv_target=arm-unknown-linux-gnueabihf
am_cv_CC_dependencies_compiler_type=gcc3
am_cv_CXX_dependencies_compiler_type=gcc3

## ----------------- ##
## Output variables. ##
## ----------------- ##

ACLOCAL='${SHELL} /usr/src/games/gltron-0.70final/missing --run aclocal-1.11'
AMDEPBACKSLASH='\'
AMDEP_FALSE='#'
AMDEP_TRUE=''
AMTAR='$${TAR-tar}'
AUTOCONF='${SHELL} /usr/src/games/gltron-0.70final/missing --run autoconf'
AUTOHEADER='${SHELL} /usr/src/games/gltron-0.70final/missing --run autoheader'
AUTOMAKE='${SHELL} /usr/src/games/gltron-0.70final/missing --run automake-1.11'
AWK='mawk'
CC='arm-linux-gnueabihf-gcc'
CCDEPMODE='depmode=gcc3'
CFLAGS='-g -O2 -DSEPARATOR="'\''/'\''" -Wall -Os -I/usr/include/SDL -D_GNU_SOURCE=1 -D_REENTRANT -DNETWORK'
CPP='arm-linux-gnueabihf-gcc -E'
CPPFLAGS='  -DDATA_DIR=\"$(datadir)/$(PACKAGE)\" -DSNAP_DIR=\"~\" -DPREF_DIR=\"~\"'
CXX='arm-linux-gnueabihf-g++'
CXXDEPMODE='depmode=gcc3'
CXXFLAGS='-g -O2 -Os -I/usr/include/SDL -D_GNU_SOURCE=1 -D_REENTRANT'
CYGPATH_W='echo'
DEFS='-DPACKAGE_NAME=\"\" -DPACKAGE_TARNAME=\"\" -DPACKAGE_VERSION=\"\" -DPACKAGE_STRING=\"\" -DPACKAGE_BUGREPORT=\"\" -DPACKAGE_URL=\"\" -DPACKAGE=\"gltron\" -DVERSION=\"0.70\" -DHAVE_LIBGLES_CM=1 -DHAVE_LIBZ=1 -DHAVE_LIBPNG=1 -DHAVE_LIBX11=1 -DHAVE_LIBEGL=1 -DHAVE_LIBSMPEG=1 -DHAVE_LIBOGG=1 -DHAVE_LIBVORBIS=1 -DHAVE_LIBVORBISFILE=1 -DHAVE_LIBSMPEG=1 -DHAVE_LIBMIKMOD=1 -DSTDC_HEADERS=1 -DHAVE_SYS_TYPES_H=1 -DHAVE_SYS_STAT_H=1 -DHAVE_STDLIB_H=1 -DHAVE_STRING_H=1 -DHAVE_MEMORY_H=1 -DHAVE_STRINGS_H=1 -DHAVE_INTTYPES_H=1 -DHAVE_STDINT_H=1 -DHAVE_UNISTD_H=1 -DHAVE_UNISTD_H=1 -DHAVE_STRSTR=1 -DHAVE_MKSTEMP=1'
DEPDIR='.deps'
ECHO_C=''
ECHO_N='-n'
ECHO_T=''
EGREP='/bin/grep -E'
EXEEXT=''
GREP='/bin/grep'
INSTALL_DATA='${INSTALL} -m 644'
INSTALL_PROGRAM='${INSTALL}'
INSTALL_SCRIPT='${INSTALL}'
INSTALL_STRIP_PROGRAM='$(install_sh) -c -s'
LDFLAGS=''
LIBOBJS=''
LIBS='-lSDL_sound -lmikmod -lsmpeg -lvorbisfile -lvorbis -logg -lsmpeg -lEGL -lX11 -lpng -lz -lGLES_CM  -L/usr/lib/arm-linux-gnueabihf -lSDL -lSDL_net'
LTLIBOBJS=''
MAKEINFO='${SHELL} /usr/src/games/gltron-0.70final/missing --run makeinfo'
MKDIR_P='/bin/mkdir -p'
NETWORK_OBJS='network.o system_net.o'
OBJEXT='o'
PACKAGE='gltron'
PACKAGE_BUGREPORT=''
PACKAGE_NAME=''
PACKAGE_STRING=''
PACKAGE_TARNAME=''
PACKAGE_URL=''
PACKAGE_VERSION=''
PATH_SEPARATOR=':'
RANLIB='ranlib'
SDL_CFLAGS='-I/usr/include/SDL -D_GNU_SOURCE=1 -D_REENTRANT'
SDL_CONFIG='/usr/bin/sdl-config'
SDL_LIBS='-L/usr/lib/arm-linux-gnueabihf -lSDL'
SET_MAKE=''
SHELL='/bin/bash'
SOUND_OBJS='sound.o sound_glue.o Source.o Source3D.o SourceMusic.o SourceSample.o SoundSystem.o SourceCopy.o SourceEngine.o'
STRIP=''
VERSION='0.70'
ac_ct_CC=''
ac_ct_CXX=''
am__EXEEXT_FALSE=''
am__EXEEXT_TRUE='#'
am__fastdepCC_FALSE='#'
am__fastdepCC_TRUE=''
am__fastdepCXX_FALSE='#'
am__fastdepCXX_TRUE=''
am__include='include'
am__isrc=''
am__leading_dot='.'
am__nodep='_no'
am__quote=''
am__tar='$${TAR-tar} chof - "$$tardir"'
am__untar='$${TAR-tar} xf -'
bindir='/usr/games'
build='arm-unknown-linux-gnueabihf'
build_alias='arm-linux-gnueabihf'
build_cpu='arm'
build_os='linux-gnueabihf'
build_vendor='unknown'
datadir='/usr/share/games'
datarootdir='${prefix}/share'
docdir='${datarootdir}/doc/${PACKAGE}'
dvidir='${docdir}'
exec_prefix='${prefix}'
host='arm-unknown-linux-gnueabihf'
host_alias='arm-linux-gnueabihf'
host_cpu='arm'
host_os='linux-gnueabihf'
host_vendor='unknown'
htmldir='${docdir}'
includedir='${prefix}/include'
infodir='/usr/share/info'
install_sh='${SHELL} /usr/src/games/gltron-0.70final/install-sh'
libdir='${exec_prefix}/lib'
libexecdir='${exec_prefix}/libexec'
localedir='${datarootdir}/locale'
localstatedir='${prefix}/var'
mandir='/usr/share/man'
mkdir_p='/bin/mkdir -p'
oldincludedir='/usr/include'
pdfdir='${docdir}'
prefix='/usr'
program_transform_name='s,x,x,'
psdir='${docdir}'
sbindir='${exec_prefix}/sbin'
sharedstatedir='${prefix}/com'
sysconfdir='${prefix}/etc'
target='arm-unknown-linux-gnueabihf'
target_alias=''
target_cpu='arm'
target_os='linux-gnueabihf'
target_vendor='unknown'

## ----------- ##
## confdefs.h. ##
## ----------- ##

/* confdefs.h */
#define PACKAGE_NAME ""
#define PACKAGE_TARNAME ""
#define PACKAGE_VERSION ""
#define PACKAGE_STRING ""
#define PACKAGE_BUGREPORT ""
#define PACKAGE_URL ""
#define PACKAGE "gltron"
#define VERSION "0.70"
#define HAVE_LIBGLES_CM 1
#define HAVE_LIBZ 1
#define HAVE_LIBPNG 1
#define HAVE_LIBX11 1
#define HAVE_LIBEGL 1
#define HAVE_LIBSMPEG 1
#define HAVE_LIBOGG 1
#define HAVE_LIBVORBIS 1
#define HAVE_LIBVORBISFILE 1
#define HAVE_LIBSMPEG 1
#define HAVE_LIBMIKMOD 1
#define STDC_HEADERS 1
#define HAVE_SYS_TYPES_H 1
#define HAVE_SYS_STAT_H 1
#define HAVE_STDLIB_H 1
#define HAVE_STRING_H 1
#define HAVE_MEMORY_H 1
#define HAVE_STRINGS_H 1
#define HAVE_INTTYPES_H 1
#define HAVE_STDINT_H 1
#define HAVE_UNISTD_H 1
#define HAVE_UNISTD_H 1
#define HAVE_STRSTR 1
#define HAVE_MKSTEMP 1

configure: exit 0
